<?xml version="1.0" encoding="UTF-8"?>
<!-- Generated by org.testng.reporters.JUnitReportReporter -->
<testsuite hostname="Desktop-Monitor-3rd-Floor-room3" failures="0" tests="1" name="com.actitime.testscript.CustomerModule" time="31.720" errors="0" timestamp="2023-12-10T12:49:57 IST" skipped="0">
  <testcase classname="com.actitime.testscript.CustomerModule" name="createAndDeleteCustomer" time="31.720">
    <system-out>
      <![CDATA[createAndDeleteCustomer has got passed]]>
    </system-out>
  </testcase> <!-- createAndDeleteCustomer -->
  <system-out>
    <![CDATA[createAndDeleteCustomer has got passed]]>
  </system-out>
</testsuite> <!-- com.actitime.testscript.CustomerModule -->
